[debug] [2020-08-25T09:46:30.539Z] ----------------------------------------------------------------------
[debug] [2020-08-25T09:46:30.552Z] Command:       C:\Users\DANROYAL\Desktop\PROJEC~1\KH-EST~1\firebase-tools-instant-win.exe C:\Users\DANROYAL\.cache\firebase\tools\lib\node_modules\firebase-tools\lib\bin\firebase init
[debug] [2020-08-25T09:46:30.554Z] CLI Version:   8.3.0
[debug] [2020-08-25T09:46:30.555Z] Platform:      win32
[debug] [2020-08-25T09:46:30.555Z] Node Version:  v12.16.1
[debug] [2020-08-25T09:46:30.563Z] Time:          Tue Aug 25 2020 10:46:30 GMT+0100 (West Africa Standard Time)
[debug] [2020-08-25T09:46:30.564Z] ----------------------------------------------------------------------
[debug] [2020-08-25T09:46:30.565Z] 
[debug] [2020-08-25T09:46:30.641Z] > command requires scopes: ["email","openid","https://www.googleapis.com/auth/cloudplatformprojects.readonly","https://www.googleapis.com/auth/firebase","https://www.googleapis.com/auth/cloud-platform"]
[debug] [2020-08-25T09:46:30.644Z] > authorizing via signed-in user
[info] 
     ######## #### ########  ######## ########     ###     ######  ########
     ##        ##  ##     ## ##       ##     ##  ##   ##  ##       ##
     ######    ##  ########  ######   ########  #########  ######  ######
     ##        ##  ##    ##  ##       ##     ## ##     ##       ## ##
     ##       #### ##     ## ######## ########  ##     ##  ######  ########

You're about to initialize a Firebase project in this directory:

  C:\Users\DANROYAL\Desktop\Project_Create\kh-estate

[info] 
=== Project Setup
[info] 
[info] First, let's associate this project directory with a Firebase project.
[info] You can create multiple project aliases by running firebase use --add, 
[info] but for now we'll just set up a default project.
[info] 
[debug] [2020-08-25T09:46:49.392Z] > refreshing access token with scopes: ["email","https://www.googleapis.com/auth/cloud-platform","https://www.googleapis.com/auth/cloudplatformprojects.readonly","https://www.googleapis.com/auth/firebase","openid"]
[debug] [2020-08-25T09:46:49.394Z] >>> HTTP REQUEST POST https://www.googleapis.com/oauth2/v3/token  
 <request body omitted>
[debug] [2020-08-25T09:46:49.422Z] Authentication Error: Your credentials are no longer valid. Please run firebase login --reauth

For CI servers and headless environments, generate a new token with firebase login:ci
[debug] [2020-08-25T09:46:49.458Z] FirebaseError: Authentication Error: Your credentials are no longer valid. Please run firebase login --reauth

For CI servers and headless environments, generate a new token with firebase login:ci
    at Object.<anonymous> (C:\Users\DANROYAL\.cache\firebase\tools\lib\node_modules\firebase-tools\lib\auth.js:23:32)
    at Module._compile (internal/modules/cjs/loader.js:1156:30)
    at Module._compile (pkg/prelude/bootstrap.js:1281:32)
    at Object.Module._extensions..js (internal/modules/cjs/loader.js:1176:10)
    at Module.load (internal/modules/cjs/loader.js:1000:32)
    at Function.Module._load (internal/modules/cjs/loader.js:899:14)
    at Module.require (internal/modules/cjs/loader.js:1042:19)
    at Module.require (pkg/prelude/bootstrap.js:1225:31)
    at require (internal/modules/cjs/helpers.js:77:18)
    at Object.<anonymous> (C:\Users\DANROYAL\.cache\firebase\tools\lib\node_modules\firebase-tools\lib\commands\login.js:20:14)
    at Module._compile (internal/modules/cjs/loader.js:1156:30)
    at Module._compile (pkg/prelude/bootstrap.js:1281:32)
    at Object.Module._extensions..js (internal/modules/cjs/loader.js:1176:10)
    at Module.load (internal/modules/cjs/loader.js:1000:32)
    at Function.Module._load (internal/modules/cjs/loader.js:899:14)
    at Module.require (internal/modules/cjs/loader.js:1042:19)
[error] 
[error] Error: Failed to list Firebase projects. See firebase-debug.log for more info.
